Arguments: 
  /home/nicolas/.asdf/installs/nodejs/8.9.4/bin/node /home/nicolas/.asdf/installs/nodejs/8.9.4/.npm/bin/yarn init

PATH: 
  /home/nicolas/.asdf/installs/nodejs/8.9.4/bin:/home/nicolas/.asdf/installs/nodejs/8.9.4/.npm/bin::/home/nicolas/.asdf/shims:/home/nicolas/.asdf/bin:/usr/local/sbin:/usr/local/bin:/usr/sbin:/usr/bin:/sbin:/bin:/usr/games:/usr/local/games:/snap/bin:/home/nicolas/.bin:/home/nicolas/.asdf/installs/nodejs/8.9.4/.npm/bin

Yarn version: 
  1.9.4

Node version: 
  8.9.4

Platform: 
  linux x64

Trace: 
  Error: canceled
      at Interface.<anonymous> (/home/nicolas/.asdf/installs/nodejs/8.9.4/.npm/lib/node_modules/yarn/lib/cli.js:126002:13)
      at emitNone (events.js:106:13)
      at Interface.emit (events.js:208:7)
      at Interface._ttyWrite (readline.js:775:16)
      at ReadStream.onkeypress (readline.js:160:10)
      at emitTwo (events.js:126:13)
      at ReadStream.emit (events.js:214:7)
      at emitKeys (internal/readline.js:420:14)
      at emitKeys.next (<anonymous>)
      at ReadStream.onData (readline.js:1011:36)

npm manifest: 
  No manifest

yarn manifest: 
  No manifest

Lockfile: 
  No lockfile
